Determining if the pthread_create exist failed with the following output:
Change Dir: /apollo/ros_pkgs/build/CMakeFiles/CMakeTmp

Run Build Command:/usr/bin/make "cmTryCompileExec3655050344/fast"
/usr/bin/make -f CMakeFiles/cmTryCompileExec3655050344.dir/build.make CMakeFiles/cmTryCompileExec3655050344.dir/build
make[1]: Entering directory `/apollo/ros_pkgs/build/CMakeFiles/CMakeTmp'
/usr/bin/cmake -E cmake_progress_report /apollo/ros_pkgs/build/CMakeFiles/CMakeTmp/CMakeFiles 1
Building C object CMakeFiles/cmTryCompileExec3655050344.dir/CheckSymbolExists.c.o
/usr/bin/cc    -o CMakeFiles/cmTryCompileExec3655050344.dir/CheckSymbolExists.c.o   -c /apollo/ros_pkgs/build/CMakeFiles/CMakeTmp/CheckSymbolExists.c
Linking C executable cmTryCompileExec3655050344
/usr/bin/cmake -E cmake_link_script CMakeFiles/cmTryCompileExec3655050344.dir/link.txt --verbose=1
/usr/bin/cc       CMakeFiles/cmTryCompileExec3655050344.dir/CheckSymbolExists.c.o  -o cmTryCompileExec3655050344 -rdynamic 
CMakeFiles/cmTryCompileExec3655050344.dir/CheckSymbolExists.c.o: In function `main':
CheckSymbolExists.c:(.text+0x16): undefined reference to `pthread_create'
collect2: error: ld returned 1 exit status
make[1]: Leaving directory `/apollo/ros_pkgs/build/CMakeFiles/CMakeTmp'
make[1]: *** [cmTryCompileExec3655050344] Error 1
make: *** [cmTryCompileExec3655050344/fast] Error 2

File /apollo/ros_pkgs/build/CMakeFiles/CMakeTmp/CheckSymbolExists.c:
/* */
#include <pthread.h>

int main(int argc, char** argv)
{
  (void)argv;
#ifndef pthread_create
  return ((int*)(&pthread_create))[argc];
#else
  (void)argc;
  return 0;
#endif
}

Determining if the function pthread_create exists in the pthreads failed with the following output:
Change Dir: /apollo/ros_pkgs/build/CMakeFiles/CMakeTmp

Run Build Command:/usr/bin/make "cmTryCompileExec2018127007/fast"
/usr/bin/make -f CMakeFiles/cmTryCompileExec2018127007.dir/build.make CMakeFiles/cmTryCompileExec2018127007.dir/build
make[1]: Entering directory `/apollo/ros_pkgs/build/CMakeFiles/CMakeTmp'
/usr/bin/cmake -E cmake_progress_report /apollo/ros_pkgs/build/CMakeFiles/CMakeTmp/CMakeFiles 1
Building C object CMakeFiles/cmTryCompileExec2018127007.dir/CheckFunctionExists.c.o
/usr/bin/cc   -DCHECK_FUNCTION_EXISTS=pthread_create   -o CMakeFiles/cmTryCompileExec2018127007.dir/CheckFunctionExists.c.o   -c /usr/share/cmake-2.8/Modules/CheckFunctionExists.c
Linking C executable cmTryCompileExec2018127007
/usr/bin/cmake -E cmake_link_script CMakeFiles/cmTryCompileExec2018127007.dir/link.txt --verbose=1
/usr/bin/cc   -DCHECK_FUNCTION_EXISTS=pthread_create    CMakeFiles/cmTryCompileExec2018127007.dir/CheckFunctionExists.c.o  -o cmTryCompileExec2018127007 -rdynamic -lpthreads 
/usr/bin/ld: cannot find -lpthreads
collect2: error: ld returned 1 exit status
make[1]: Leaving directory `/apollo/ros_pkgs/build/CMakeFiles/CMakeTmp'
make[1]: *** [cmTryCompileExec2018127007] Error 1
make: *** [cmTryCompileExec2018127007/fast] Error 2


